#-----------------------------------------------------------
# Vivado v2022.1 (64-bit)
# SW Build 3526262 on Mon Apr 18 15:47:01 MDT 2022
# IP Build 3524634 on Mon Apr 18 20:55:01 MDT 2022
# Start of session at: Mon Jan 15 20:05:51 2024
# Process ID: 47871
# Current directory: /home/ubuntu/SOC-FINAL-PROJECT/vivado
# Command line: vivado
# Log file: /home/ubuntu/SOC-FINAL-PROJECT/vivado/vivado.log
# Journal file: /home/ubuntu/SOC-FINAL-PROJECT/vivado/vivado.jou
# Running On: ubuntu2004, OS: Linux, CPU Frequency: 2112.000 MHz, CPU Physical cores: 4, Host memory: 10424 MB
#-----------------------------------------------------------
start_gui
WARNING: [Board 49-26] cannot add Board Part xilinx.com:vpk120_es:part0:1.2 available at /tools/Xilinx/Vivado/2022.1/data/xhub/boards/XilinxBoardStore/boards/Xilinx/vpk120/es/1.2/board.xml as part xcvp1202-vsva2785-2mp-e-s-es1 specified in board_part file is either invalid or not available
WARNING: [Board 49-26] cannot add Board Part xilinx.com:vpk120_es_revb:part0:1.0 available at /tools/Xilinx/Vivado/2022.1/data/xhub/boards/XilinxBoardStore/boards/Xilinx/vpk120_revb/es/1.0/board.xml as part xcvp1202-vsva2785-2mp-e-s-es1 specified in board_part file is either invalid or not available
WARNING: [Board 49-26] cannot add Board Part xilinx.com:zcu208ld:part0:2.0 available at /tools/Xilinx/Vivado/2022.1/data/xhub/boards/XilinxBoardStore/boards/Xilinx/zcu208ld/production/2.0/board.xml as part xczu58dr-fsvg1517-2-i specified in board_part file is either invalid or not available
WARNING: [Board 49-26] cannot add Board Part xilinx.com:zcu216ld:part0:2.0 available at /tools/Xilinx/Vivado/2022.1/data/xhub/boards/XilinxBoardStore/boards/Xilinx/zcu216ld/production/2.0/board.xml as part xczu59dr-ffvf1760-2-i specified in board_part file is either invalid or not available
WARNING: [Board 49-26] cannot add Board Part xilinx.com:zcu670:part0:2.0 available at /tools/Xilinx/Vivado/2022.1/data/xhub/boards/XilinxBoardStore/boards/Xilinx/zcu670/2.0/board.xml as part xczu67dr-fsve1156-2-i specified in board_part file is either invalid or not available
WARNING: [Board 49-26] cannot add Board Part xilinx.com:zcu670ld:part0:1.0 available at /tools/Xilinx/Vivado/2022.1/data/xhub/boards/XilinxBoardStore/boards/Xilinx/zcu670ld/1.0/board.xml as part xczu57dr-fsve1156-2-i specified in board_part file is either invalid or not available
open_project /home/ubuntu/SOC-FINAL-PROJECT/vivado/vvd_caravel_fpga/vvd_caravel_fpga.xpr
Scanning sources...
Finished scanning sources
INFO: [Project 1-1877] Auto incremental dir location '/home/tonyho/workspace_willy/caravel_fpga/project/vitis_prj/hls_read_romcode/D:/Caravel_Soc/vvd_caravel_fpga/vvd_caravel_fpga.srcs/utils_1/imports/synth_1' of run 'synth_1' is not writable, setting it to default location '/home/ubuntu/SOC-FINAL-PROJECT/vivado/vvd_caravel_fpga/vvd_caravel_fpga.srcs/utils_1/imports/synth_1'.
INFO: [Project 1-1877] Auto incremental dir location '/home/tonyho/workspace_willy/caravel_fpga/project/vitis_prj/hls_read_romcode/D:/Caravel_Soc/vvd_caravel_fpga/vvd_caravel_fpga.srcs/utils_1/imports/impl_1' of run 'impl_1' is not writable, setting it to default location '/home/ubuntu/SOC-FINAL-PROJECT/vivado/vvd_caravel_fpga/vvd_caravel_fpga.srcs/utils_1/imports/impl_1'.
INFO: [IP_Flow 19-234] Refreshing IP repositories
INFO: [IP_Flow 19-1700] Loaded user IP repository '/home/ubuntu/SOC-FINAL-PROJECT/vivado/vitis_prj/hls_caravel_ps'.
INFO: [IP_Flow 19-1700] Loaded user IP repository '/home/ubuntu/SOC-FINAL-PROJECT/vivado/vitis_prj/hls_output_pin'.
INFO: [IP_Flow 19-1700] Loaded user IP repository '/home/ubuntu/SOC-FINAL-PROJECT/vivado/vitis_prj/hls_read_romcode'.
INFO: [IP_Flow 19-2313] Loaded Vivado IP repository '/tools/Xilinx/Vivado/2022.1/data/ip'.
open_bd_design {/home/ubuntu/SOC-FINAL-PROJECT/vivado/vvd_caravel_fpga/vvd_caravel_fpga.srcs/sources_1/bd/design_1/design_1.bd}
Reading block design file </home/ubuntu/SOC-FINAL-PROJECT/vivado/vvd_caravel_fpga/vvd_caravel_fpga.srcs/sources_1/bd/design_1/design_1.bd>...
Adding component instance block -- xilinx.com:ip:axi_interconnect:2.1 - axi_mem_intercon
Adding component instance block -- xilinx.com:ip:axi_protocol_converter:2.1 - auto_pc
Adding component instance block -- xilinx.com:ip:axi_dwidth_converter:2.1 - auto_us
Adding component instance block -- xilinx.com:ip:blk_mem_gen:8.4 - blk_mem_gen_0
Adding component instance block -- xilinx.com:module_ref:caravel:1.0 - caravel_0
Adding component instance block -- xilinx.com:hls:caravel_ps:0.0 - caravel_ps_0
Adding component instance block -- xilinx.com:hls:output_pin:0.0 - output_pin_0
Adding component instance block -- xilinx.com:ip:processing_system7:5.5 - processing_system7_0
Adding component instance block -- xilinx.com:ip:axi_interconnect:2.1 - ps7_0_axi_periph
Adding component instance block -- xilinx.com:ip:axi_crossbar:2.1 - xbar
Adding component instance block -- xilinx.com:ip:axi_protocol_converter:2.1 - auto_pc
Adding component instance block -- xilinx.com:hls:read_romcode:0.0 - read_romcode_0
Adding component instance block -- xilinx.com:ip:proc_sys_reset:5.0 - rst_ps7_0_10M
Adding component instance block -- xilinx.com:module_ref:spiflash:1.0 - spiflash_0
Adding component instance block -- xilinx.com:ip:axi_uartlite:2.0 - axi_uartlite_0
Adding component instance block -- xilinx.com:ip:axi_intc:4.1 - axi_intc_0
Adding component instance block -- xilinx.com:ip:xlslice:1.0 - xlslice_0
Adding component instance block -- xilinx.com:ip:xlconcat:2.1 - xlconcat_0
Adding component instance block -- xilinx.com:ip:xlconstant:1.1 - xlconstant_0
Adding component instance block -- xilinx.com:ip:xlconstant:1.1 - xlconstant_1
Successfully read diagram <design_1> from block design file </home/ubuntu/SOC-FINAL-PROJECT/vivado/vvd_caravel_fpga/vvd_caravel_fpga.srcs/sources_1/bd/design_1/design_1.bd>
open_bd_design: Time (s): cpu = 00:00:08 ; elapsed = 00:00:08 . Memory (MB): peak = 7894.129 ; gain = 0.000 ; free physical = 127 ; free virtual = 3810
update_compile_order -fileset sources_1
INFO: [Ipptcl 7-1463] No Compatible Board Interface found. Board Tab not created in customize GUI
startgroup
set_property -dict [list CONFIG.C_BAUDRATE {115200}] [get_bd_cells axi_uartlite_0]
endgroup
reset_run design_1_axi_uartlite_0_0_synth_1
save_bd_design
Wrote  : </home/ubuntu/SOC-FINAL-PROJECT/vivado/vvd_caravel_fpga/vvd_caravel_fpga.srcs/sources_1/bd/design_1/design_1.bd> 
Wrote  : </home/ubuntu/SOC-FINAL-PROJECT/vivado/vvd_caravel_fpga/vvd_caravel_fpga.srcs/sources_1/bd/design_1/ui/bd_1f5defd0.ui> 
reset_run synth_1
INFO: [Project 1-1160] Copying file /home/ubuntu/SOC-FINAL-PROJECT/vivado/vvd_caravel_fpga/vvd_caravel_fpga.runs/synth_1/design_1_wrapper.dcp to /home/ubuntu/SOC-FINAL-PROJECT/vivado/vvd_caravel_fpga/vvd_caravel_fpga.srcs/utils_1/imports/synth_1 and adding it to utils fileset
launch_runs synth_1 -jobs 2
WARNING: [BD 41-702] Propagation TCL tries to overwrite USER strength parameter In0_width(5) on '/xlconcat_0' with propagated value(4). Command ignored
WARNING: [BD 41-702] Propagation TCL tries to overwrite USER strength parameter C_S_AXI_ACLK_FREQ_HZ_d(40) on '/axi_uartlite_0' with propagated value(40.0). Command ignored
WARNING: [xilinx.com:ip:axi_intc:4.1-13] /axi_intc_0: Interrupt output connection Bus is selected, but the interrupt bus interface is not connected to a matching interface. Please consider selecting Single instead.
WARNING: [BD 41-927] Following properties on pin /read_romcode_0/ap_clk have been updated from connected ip, but BD cell '/read_romcode_0' does not accept parameter changes, so they may not be synchronized with cell properties:
	FREQ_HZ = 40000000 
Please resolve any mismatches by directly setting properties on BD cell </read_romcode_0> to completely resolve these warnings.
Wrote  : </home/ubuntu/SOC-FINAL-PROJECT/vivado/vvd_caravel_fpga/vvd_caravel_fpga.srcs/sources_1/bd/design_1/design_1.bd> 
WARNING: [BD 41-2384] Width mismatch when connecting pin: '/axi_mem_intercon/s00_couplers/auto_pc/s_axi_arlock'(1) to pin: '/axi_mem_intercon/s00_couplers/S_AXI_arlock'(2) - Only lower order bits will be connected.
CRITICAL WARNING: [BD 41-2383] Width mismatch when connecting input pin '/xlconcat_0/In0'(5) to pin '/xlconstant_1/dout'(4) - Only lower order bits will be connected, and other input bits of this pin will be left unconnected.
Verilog Output written to : /home/ubuntu/SOC-FINAL-PROJECT/vivado/vvd_caravel_fpga/vvd_caravel_fpga.gen/sources_1/bd/design_1/synth/design_1.v
WARNING: [BD 41-2384] Width mismatch when connecting pin: '/axi_mem_intercon/s00_couplers/auto_pc/s_axi_arlock'(1) to pin: '/axi_mem_intercon/s00_couplers/S_AXI_arlock'(2) - Only lower order bits will be connected.
CRITICAL WARNING: [BD 41-2383] Width mismatch when connecting input pin '/xlconcat_0/In0'(5) to pin '/xlconstant_1/dout'(4) - Only lower order bits will be connected, and other input bits of this pin will be left unconnected.
Verilog Output written to : /home/ubuntu/SOC-FINAL-PROJECT/vivado/vvd_caravel_fpga/vvd_caravel_fpga.gen/sources_1/bd/design_1/sim/design_1.v
Verilog Output written to : /home/ubuntu/SOC-FINAL-PROJECT/vivado/vvd_caravel_fpga/vvd_caravel_fpga.gen/sources_1/bd/design_1/hdl/design_1_wrapper.v
WARNING: [IP_Flow 19-4994] Overwriting existing constraint file '/home/ubuntu/SOC-FINAL-PROJECT/vivado/vvd_caravel_fpga/vvd_caravel_fpga.gen/sources_1/bd/design_1/ip/design_1_axi_uartlite_0_0/design_1_axi_uartlite_0_0_ooc.xdc'
INFO: [BD 41-1029] Generation completed for the IP Integrator block axi_uartlite_0 .
WARNING: [IP_Flow 19-4994] Overwriting existing constraint file '/home/ubuntu/SOC-FINAL-PROJECT/vivado/vvd_caravel_fpga/vvd_caravel_fpga.gen/sources_1/bd/design_1/ip/design_1_auto_pc_0/design_1_auto_pc_0_ooc.xdc'
INFO: [BD 41-1029] Generation completed for the IP Integrator block axi_mem_intercon/s00_couplers/auto_pc .
WARNING: [IP_Flow 19-4994] Overwriting existing constraint file '/home/ubuntu/SOC-FINAL-PROJECT/vivado/vvd_caravel_fpga/vvd_caravel_fpga.gen/sources_1/bd/design_1/ip/design_1_auto_us_0/design_1_auto_us_0_ooc.xdc'
INFO: [IP_Flow 19-5611] Unable to find an associated reset port for the interface 'S_AXI'. A default connection has been created.
INFO: [IP_Flow 19-5611] Unable to find an associated reset port for the interface 'M_AXI'. A default connection has been created.
INFO: [BD 41-1029] Generation completed for the IP Integrator block axi_mem_intercon/s00_couplers/auto_us .
WARNING: [IP_Flow 19-4994] Overwriting existing constraint file '/home/ubuntu/SOC-FINAL-PROJECT/vivado/vvd_caravel_fpga/vvd_caravel_fpga.gen/sources_1/bd/design_1/ip/design_1_auto_pc_1/design_1_auto_pc_1_ooc.xdc'
INFO: [BD 41-1029] Generation completed for the IP Integrator block ps7_0_axi_periph/s00_couplers/auto_pc .
Exporting to file /home/ubuntu/SOC-FINAL-PROJECT/vivado/vvd_caravel_fpga/vvd_caravel_fpga.gen/sources_1/bd/design_1/hw_handoff/design_1.hwh
Generated Hardware Definition File /home/ubuntu/SOC-FINAL-PROJECT/vivado/vvd_caravel_fpga/vvd_caravel_fpga.gen/sources_1/bd/design_1/synth/design_1.hwdef
INFO: [IP_Flow 19-4993] Using cached IP synthesis design for IP design_1_auto_pc_0, cache-ID = 13e740a89a3b5d16; cache size = 6.178 MB.
INFO: [IP_Flow 19-4993] Using cached IP synthesis design for IP design_1_auto_pc_1, cache-ID = 72c151a28a68992d; cache size = 6.177 MB.
INFO: [IP_Flow 19-4993] Using cached IP synthesis design for IP design_1_auto_us_0, cache-ID = 21b1b68168c82bf9; cache size = 6.178 MB.
[Mon Jan 15 20:08:41 2024] Launched design_1_axi_uartlite_0_0_synth_1...
Run output will be captured here: /home/ubuntu/SOC-FINAL-PROJECT/vivado/vvd_caravel_fpga/vvd_caravel_fpga.runs/design_1_axi_uartlite_0_0_synth_1/runme.log
[Mon Jan 15 20:08:41 2024] Launched synth_1...
Run output will be captured here: /home/ubuntu/SOC-FINAL-PROJECT/vivado/vvd_caravel_fpga/vvd_caravel_fpga.runs/synth_1/runme.log
launch_runs: Time (s): cpu = 00:00:17 ; elapsed = 00:00:18 . Memory (MB): peak = 9544.203 ; gain = 132.457 ; free physical = 138 ; free virtual = 2146
open_run synth_1 -name synth_1
Design is defaulting to impl run constrset: constrs_1
Design is defaulting to synth run part: xc7z020clg400-1
INFO: [Device 21-403] Loading part xc7z020clg400-1
INFO: [Project 1-454] Reading design checkpoint '/home/ubuntu/SOC-FINAL-PROJECT/vivado/vvd_caravel_fpga/vvd_caravel_fpga.gen/sources_1/bd/design_1/ip/design_1_axi_intc_0_0/design_1_axi_intc_0_0.dcp' for cell 'design_1_i/axi_intc_0'
INFO: [Project 1-454] Reading design checkpoint '/home/ubuntu/SOC-FINAL-PROJECT/vivado/vvd_caravel_fpga/vvd_caravel_fpga.gen/sources_1/bd/design_1/ip/design_1_axi_uartlite_0_0/design_1_axi_uartlite_0_0.dcp' for cell 'design_1_i/axi_uartlite_0'
INFO: [Project 1-454] Reading design checkpoint '/home/ubuntu/SOC-FINAL-PROJECT/vivado/vvd_caravel_fpga/vvd_caravel_fpga.gen/sources_1/bd/design_1/ip/design_1_blk_mem_gen_0_0/design_1_blk_mem_gen_0_0.dcp' for cell 'design_1_i/blk_mem_gen_0'
INFO: [Project 1-454] Reading design checkpoint '/home/ubuntu/SOC-FINAL-PROJECT/vivado/vvd_caravel_fpga/vvd_caravel_fpga.gen/sources_1/bd/design_1/ip/design_1_caravel_0_0/design_1_caravel_0_0.dcp' for cell 'design_1_i/caravel_0'
INFO: [Project 1-454] Reading design checkpoint '/home/ubuntu/SOC-FINAL-PROJECT/vivado/vvd_caravel_fpga/vvd_caravel_fpga.gen/sources_1/bd/design_1/ip/design_1_caravel_ps_0_0/design_1_caravel_ps_0_0.dcp' for cell 'design_1_i/caravel_ps_0'
INFO: [Project 1-454] Reading design checkpoint '/home/ubuntu/SOC-FINAL-PROJECT/vivado/vvd_caravel_fpga/vvd_caravel_fpga.gen/sources_1/bd/design_1/ip/design_1_output_pin_0_0/design_1_output_pin_0_0.dcp' for cell 'design_1_i/output_pin_0'
INFO: [Project 1-454] Reading design checkpoint '/home/ubuntu/SOC-FINAL-PROJECT/vivado/vvd_caravel_fpga/vvd_caravel_fpga.gen/sources_1/bd/design_1/ip/design_1_processing_system7_0_0/design_1_processing_system7_0_0.dcp' for cell 'design_1_i/processing_system7_0'
INFO: [Project 1-454] Reading design checkpoint '/home/ubuntu/SOC-FINAL-PROJECT/vivado/vvd_caravel_fpga/vvd_caravel_fpga.gen/sources_1/bd/design_1/ip/design_1_read_romcode_0_0/design_1_read_romcode_0_0.dcp' for cell 'design_1_i/read_romcode_0'
INFO: [Project 1-454] Reading design checkpoint '/home/ubuntu/SOC-FINAL-PROJECT/vivado/vvd_caravel_fpga/vvd_caravel_fpga.gen/sources_1/bd/design_1/ip/design_1_rst_ps7_0_10M_0/design_1_rst_ps7_0_10M_0.dcp' for cell 'design_1_i/rst_ps7_0_10M'
INFO: [Project 1-454] Reading design checkpoint '/home/ubuntu/SOC-FINAL-PROJECT/vivado/vvd_caravel_fpga/vvd_caravel_fpga.gen/sources_1/bd/design_1/ip/design_1_spiflash_0_0/design_1_spiflash_0_0.dcp' for cell 'design_1_i/spiflash_0'
INFO: [Project 1-454] Reading design checkpoint '/home/ubuntu/SOC-FINAL-PROJECT/vivado/vvd_caravel_fpga/vvd_caravel_fpga.gen/sources_1/bd/design_1/ip/design_1_auto_pc_0/design_1_auto_pc_0.dcp' for cell 'design_1_i/axi_mem_intercon/s00_couplers/auto_pc'
INFO: [Project 1-454] Reading design checkpoint '/home/ubuntu/SOC-FINAL-PROJECT/vivado/vvd_caravel_fpga/vvd_caravel_fpga.gen/sources_1/bd/design_1/ip/design_1_auto_us_0/design_1_auto_us_0.dcp' for cell 'design_1_i/axi_mem_intercon/s00_couplers/auto_us'
INFO: [Project 1-454] Reading design checkpoint '/home/ubuntu/SOC-FINAL-PROJECT/vivado/vvd_caravel_fpga/vvd_caravel_fpga.gen/sources_1/bd/design_1/ip/design_1_xbar_0/design_1_xbar_0.dcp' for cell 'design_1_i/ps7_0_axi_periph/xbar'
INFO: [Project 1-454] Reading design checkpoint '/home/ubuntu/SOC-FINAL-PROJECT/vivado/vvd_caravel_fpga/vvd_caravel_fpga.gen/sources_1/bd/design_1/ip/design_1_auto_pc_1/design_1_auto_pc_1.dcp' for cell 'design_1_i/ps7_0_axi_periph/s00_couplers/auto_pc'
Netlist sorting complete. Time (s): cpu = 00:00:00.08 ; elapsed = 00:00:00.08 . Memory (MB): peak = 9728.797 ; gain = 0.000 ; free physical = 4120 ; free virtual = 5861
INFO: [Netlist 29-17] Analyzing 744 Unisim elements for replacement
INFO: [Netlist 29-28] Unisim Transformation completed in 0 CPU seconds
INFO: [Project 1-479] Netlist was created with Vivado 2022.1
INFO: [Project 1-570] Preparing netlist for logic optimization
Parsing XDC File [/home/ubuntu/SOC-FINAL-PROJECT/vivado/vvd_caravel_fpga/vvd_caravel_fpga.gen/sources_1/bd/design_1/ip/design_1_processing_system7_0_0/design_1_processing_system7_0_0.xdc] for cell 'design_1_i/processing_system7_0/inst'
Finished Parsing XDC File [/home/ubuntu/SOC-FINAL-PROJECT/vivado/vvd_caravel_fpga/vvd_caravel_fpga.gen/sources_1/bd/design_1/ip/design_1_processing_system7_0_0/design_1_processing_system7_0_0.xdc] for cell 'design_1_i/processing_system7_0/inst'
Parsing XDC File [/home/ubuntu/SOC-FINAL-PROJECT/vivado/vvd_caravel_fpga/vvd_caravel_fpga.gen/sources_1/bd/design_1/ip/design_1_rst_ps7_0_10M_0/design_1_rst_ps7_0_10M_0_board.xdc] for cell 'design_1_i/rst_ps7_0_10M/U0'
Finished Parsing XDC File [/home/ubuntu/SOC-FINAL-PROJECT/vivado/vvd_caravel_fpga/vvd_caravel_fpga.gen/sources_1/bd/design_1/ip/design_1_rst_ps7_0_10M_0/design_1_rst_ps7_0_10M_0_board.xdc] for cell 'design_1_i/rst_ps7_0_10M/U0'
Parsing XDC File [/home/ubuntu/SOC-FINAL-PROJECT/vivado/vvd_caravel_fpga/vvd_caravel_fpga.gen/sources_1/bd/design_1/ip/design_1_rst_ps7_0_10M_0/design_1_rst_ps7_0_10M_0.xdc] for cell 'design_1_i/rst_ps7_0_10M/U0'
Finished Parsing XDC File [/home/ubuntu/SOC-FINAL-PROJECT/vivado/vvd_caravel_fpga/vvd_caravel_fpga.gen/sources_1/bd/design_1/ip/design_1_rst_ps7_0_10M_0/design_1_rst_ps7_0_10M_0.xdc] for cell 'design_1_i/rst_ps7_0_10M/U0'
Parsing XDC File [/home/ubuntu/SOC-FINAL-PROJECT/vivado/vvd_caravel_fpga/vvd_caravel_fpga.gen/sources_1/bd/design_1/ip/design_1_axi_uartlite_0_0/design_1_axi_uartlite_0_0_board.xdc] for cell 'design_1_i/axi_uartlite_0/U0'
Finished Parsing XDC File [/home/ubuntu/SOC-FINAL-PROJECT/vivado/vvd_caravel_fpga/vvd_caravel_fpga.gen/sources_1/bd/design_1/ip/design_1_axi_uartlite_0_0/design_1_axi_uartlite_0_0_board.xdc] for cell 'design_1_i/axi_uartlite_0/U0'
Parsing XDC File [/home/ubuntu/SOC-FINAL-PROJECT/vivado/vvd_caravel_fpga/vvd_caravel_fpga.gen/sources_1/bd/design_1/ip/design_1_axi_uartlite_0_0/design_1_axi_uartlite_0_0.xdc] for cell 'design_1_i/axi_uartlite_0/U0'
Finished Parsing XDC File [/home/ubuntu/SOC-FINAL-PROJECT/vivado/vvd_caravel_fpga/vvd_caravel_fpga.gen/sources_1/bd/design_1/ip/design_1_axi_uartlite_0_0/design_1_axi_uartlite_0_0.xdc] for cell 'design_1_i/axi_uartlite_0/U0'
Parsing XDC File [/home/ubuntu/SOC-FINAL-PROJECT/vivado/vvd_caravel_fpga/vvd_caravel_fpga.gen/sources_1/bd/design_1/ip/design_1_axi_intc_0_0/design_1_axi_intc_0_0.xdc] for cell 'design_1_i/axi_intc_0/U0'
Finished Parsing XDC File [/home/ubuntu/SOC-FINAL-PROJECT/vivado/vvd_caravel_fpga/vvd_caravel_fpga.gen/sources_1/bd/design_1/ip/design_1_axi_intc_0_0/design_1_axi_intc_0_0.xdc] for cell 'design_1_i/axi_intc_0/U0'
Parsing XDC File [/home/ubuntu/SOC-FINAL-PROJECT/vivado/vvd_caravel_fpga/vvd_caravel_fpga.gen/sources_1/bd/design_1/ip/design_1_axi_intc_0_0/design_1_axi_intc_0_0_clocks.xdc] for cell 'design_1_i/axi_intc_0/U0'
Finished Parsing XDC File [/home/ubuntu/SOC-FINAL-PROJECT/vivado/vvd_caravel_fpga/vvd_caravel_fpga.gen/sources_1/bd/design_1/ip/design_1_axi_intc_0_0/design_1_axi_intc_0_0_clocks.xdc] for cell 'design_1_i/axi_intc_0/U0'
Parsing XDC File [/home/ubuntu/SOC-FINAL-PROJECT/vivado/vvd_caravel_fpga/vvd_caravel_fpga.gen/sources_1/bd/design_1/ip/design_1_auto_us_0/design_1_auto_us_0_clocks.xdc] for cell 'design_1_i/axi_mem_intercon/s00_couplers/auto_us/inst'
Finished Parsing XDC File [/home/ubuntu/SOC-FINAL-PROJECT/vivado/vvd_caravel_fpga/vvd_caravel_fpga.gen/sources_1/bd/design_1/ip/design_1_auto_us_0/design_1_auto_us_0_clocks.xdc] for cell 'design_1_i/axi_mem_intercon/s00_couplers/auto_us/inst'
INFO: [Project 1-1714] 1 XPM XDC files have been applied to the design.
INFO: [Opt 31-138] Pushed 0 inverter(s) to 0 load pin(s).
Netlist sorting complete. Time (s): cpu = 00:00:00.01 ; elapsed = 00:00:00 . Memory (MB): peak = 9728.797 ; gain = 0.000 ; free physical = 3997 ; free virtual = 5740
INFO: [Project 1-111] Unisim Transformation Summary:
  A total of 69 instances were transformed.
  RAM16X1S => RAM32X1S (RAMS32): 64 instances
  RAM32M => RAM32M (RAMD32(x6), RAMS32(x2)): 4 instances
  RAM32X1D => RAM32X1D (RAMD32(x2)): 1 instance 

open_run: Time (s): cpu = 00:00:10 ; elapsed = 00:00:09 . Memory (MB): peak = 9826.801 ; gain = 98.004 ; free physical = 3908 ; free virtual = 5660
launch_runs impl_1 -jobs 2
INFO: [Timing 38-480] Writing timing data to binary archive.
Writing XDEF routing.
Writing XDEF routing logical nets.
Writing XDEF routing special nets.
Write XDEF Complete: Time (s): cpu = 00:00:00.17 ; elapsed = 00:00:00.13 . Memory (MB): peak = 10191.621 ; gain = 66.836 ; free physical = 3357 ; free virtual = 5143
WARNING: [Common 17-210] 'write_hwdef' is deprecated.
[Mon Jan 15 20:13:12 2024] Launched impl_1...
Run output will be captured here: /home/ubuntu/SOC-FINAL-PROJECT/vivado/vvd_caravel_fpga/vvd_caravel_fpga.runs/impl_1/runme.log
close_design
open_run impl_1
Netlist sorting complete. Time (s): cpu = 00:00:00.09 ; elapsed = 00:00:00.08 . Memory (MB): peak = 10191.621 ; gain = 0.000 ; free physical = 3121 ; free virtual = 5090
INFO: [Netlist 29-17] Analyzing 717 Unisim elements for replacement
INFO: [Netlist 29-28] Unisim Transformation completed in 0 CPU seconds
INFO: [Project 1-479] Netlist was created with Vivado 2022.1
INFO: [Project 1-570] Preparing netlist for logic optimization
INFO: [Timing 38-478] Restoring timing data from binary archive.
INFO: [Timing 38-479] Binary timing data restore complete.
INFO: [Project 1-856] Restoring constraints from binary archive.
INFO: [Constraints 18-5170] The checkpoint was created with non-default parameter values which do not match the current Vivado settings.  Mismatching parameters are:
  general.maxThreads
INFO: [Project 1-853] Binary constraint restore complete.
Reading XDEF placement.
Reading placer database...
Reading XDEF routing.
Read XDEF Files: Time (s): cpu = 00:00:00.57 ; elapsed = 00:00:00.54 . Memory (MB): peak = 10269.098 ; gain = 7.672 ; free physical = 2917 ; free virtual = 4887
Restored from archive | CPU: 0.570000 secs | Memory: 21.965385 MB |
Finished XDEF File Restore: Time (s): cpu = 00:00:00.57 ; elapsed = 00:00:00.54 . Memory (MB): peak = 10269.098 ; gain = 7.672 ; free physical = 2917 ; free virtual = 4887
Netlist sorting complete. Time (s): cpu = 00:00:00 ; elapsed = 00:00:00 . Memory (MB): peak = 10269.098 ; gain = 0.000 ; free physical = 2917 ; free virtual = 4887
INFO: [Project 1-111] Unisim Transformation Summary:
  A total of 69 instances were transformed.
  RAM16X1S => RAM32X1S (RAMS32): 64 instances
  RAM32M => RAM32M (RAMD32(x6), RAMS32(x2)): 4 instances
  RAM32X1D => RAM32X1D (RAMD32(x2)): 1 instance 

launch_runs impl_1 -to_step write_bitstream -jobs 2
[Mon Jan 15 20:17:27 2024] Launched impl_1...
Run output will be captured here: /home/ubuntu/SOC-FINAL-PROJECT/vivado/vvd_caravel_fpga/vvd_caravel_fpga.runs/impl_1/runme.log
exit
INFO: [Common 17-206] Exiting Vivado at Mon Jan 15 22:05:26 2024...
